Thu May 31 2018 17:17:24 GMT+0200 (Egypt Standard Time): GET /
Thu May 31 2018 17:17:27 GMT+0200 (Egypt Standard Time): GET /
Thu May 31 2018 17:17:28 GMT+0200 (Egypt Standard Time): GET /
Thu May 31 2018 17:17:29 GMT+0200 (Egypt Standard Time): GET /
Thu May 31 2018 17:17:29 GMT+0200 (Egypt Standard Time): GET /
Thu May 31 2018 17:17:30 GMT+0200 (Egypt Standard Time): GET /
Thu May 31 2018 17:17:30 GMT+0200 (Egypt Standard Time): GET /
Thu May 31 2018 17:17:31 GMT+0200 (Egypt Standard Time): GET /
Thu May 31 2018 17:17:31 GMT+0200 (Egypt Standard Time): GET /
Thu May 31 2018 17:17:31 GMT+0200 (Egypt Standard Time): GET /
Thu May 31 2018 17:17:31 GMT+0200 (Egypt Standard Time): GET /
Thu May 31 2018 17:17:56 GMT+0200 (Egypt Standard Time): GET /
Thu May 31 2018 17:17:57 GMT+0200 (Egypt Standard Time): GET /
Thu May 31 2018 17:17:57 GMT+0200 (Egypt Standard Time): GET /
Thu May 31 2018 17:18:15 GMT+0200 (Egypt Standard Time): GET /
Thu May 31 2018 17:18:40 GMT+0200 (Egypt Standard Time): GET /about
Thu May 31 2018 17:19:20 GMT+0200 (Egypt Standard Time): GET /about
Thu May 31 2018 17:20:31 GMT+0200 (Egypt Standard Time): GET /about
Thu May 31 2018 17:21:59 GMT+0200 (Egypt Standard Time): GET /about
Thu May 31 2018 17:22:02 GMT+0200 (Egypt Standard Time): GET /
Thu May 31 2018 17:22:03 GMT+0200 (Egypt Standard Time): GET /about
Thu May 31 2018 17:22:03 GMT+0200 (Egypt Standard Time): GET /
Thu May 31 2018 17:22:04 GMT+0200 (Egypt Standard Time): GET /about
Thu May 31 2018 17:28:16 GMT+0200 (Egypt Standard Time): GET /help.html
Thu May 31 2018 17:28:43 GMT+0200 (Egypt Standard Time): GET /about
Thu May 31 2018 17:29:33 GMT+0200 (Egypt Standard Time): GET /help.html
Thu May 31 2018 17:30:33 GMT+0200 (Egypt Standard Time): GET /help.html
Thu May 31 2018 17:30:34 GMT+0200 (Egypt Standard Time): GET /help.html
Thu May 31 2018 17:30:44 GMT+0200 (Egypt Standard Time): GET /help.html
Thu May 31 2018 17:30:45 GMT+0200 (Egypt Standard Time): GET /help.html
Thu May 31 2018 17:31:31 GMT+0200 (Egypt Standard Time): GET /help.html
Thu May 31 2018 17:31:31 GMT+0200 (Egypt Standard Time): GET /help.html
Thu May 31 2018 17:33:35 GMT+0200 (Egypt Standard Time): GET /help.html
Thu May 31 2018 17:33:38 GMT+0200 (Egypt Standard Time): GET /help.html
Thu May 31 2018 17:33:46 GMT+0200 (Egypt Standard Time): GET /help.html
Thu May 31 2018 17:36:24 GMT+0200 (Egypt Standard Time): GET /help.html
Thu May 31 2018 18:06:52 GMT+0200 (Egypt Standard Time): GET /axios.min.map
Thu May 31 2018 18:09:43 GMT+0200 (Egypt Standard Time): POST /leaderboard
Thu May 31 2018 18:10:05 GMT+0200 (Egypt Standard Time): POST /leaderboard
Thu May 31 2018 18:12:28 GMT+0200 (Egypt Standard Time): POST /leaderboard
Thu May 31 2018 18:31:47 GMT+0200 (Egypt Standard Time): GET /
Thu May 31 2018 18:31:47 GMT+0200 (Egypt Standard Time): GET /axois.js
Thu May 31 2018 18:31:47 GMT+0200 (Egypt Standard Time): GET /memoryGame.js
Thu May 31 2018 18:31:52 GMT+0200 (Egypt Standard Time): GET /
Thu May 31 2018 18:31:52 GMT+0200 (Egypt Standard Time): GET /axois.js
Thu May 31 2018 18:31:52 GMT+0200 (Egypt Standard Time): GET /memoryGame.js
Thu May 31 2018 18:32:39 GMT+0200 (Egypt Standard Time): GET /
Thu May 31 2018 18:32:39 GMT+0200 (Egypt Standard Time): GET /axois.js
Thu May 31 2018 18:32:39 GMT+0200 (Egypt Standard Time): GET /memoryGame.js
Thu May 31 2018 18:32:40 GMT+0200 (Egypt Standard Time): GET /
Thu May 31 2018 18:32:41 GMT+0200 (Egypt Standard Time): GET /axois.js
Thu May 31 2018 18:32:41 GMT+0200 (Egypt Standard Time): GET /memoryGame.js
Thu May 31 2018 18:32:41 GMT+0200 (Egypt Standard Time): GET /
Thu May 31 2018 18:32:41 GMT+0200 (Egypt Standard Time): GET /axois.js
Thu May 31 2018 18:32:41 GMT+0200 (Egypt Standard Time): GET /memoryGame.js
Thu May 31 2018 18:32:41 GMT+0200 (Egypt Standard Time): GET /
Thu May 31 2018 18:32:41 GMT+0200 (Egypt Standard Time): GET /axois.js
Thu May 31 2018 18:32:41 GMT+0200 (Egypt Standard Time): GET /memoryGame.js
Thu May 31 2018 18:32:41 GMT+0200 (Egypt Standard Time): GET /
Thu May 31 2018 18:32:41 GMT+0200 (Egypt Standard Time): GET /axois.js
Thu May 31 2018 18:32:41 GMT+0200 (Egypt Standard Time): GET /memoryGame.js
Thu May 31 2018 18:32:41 GMT+0200 (Egypt Standard Time): GET /
Thu May 31 2018 18:32:41 GMT+0200 (Egypt Standard Time): GET /axois.js
Thu May 31 2018 18:32:41 GMT+0200 (Egypt Standard Time): GET /memoryGame.js
Thu May 31 2018 18:33:23 GMT+0200 (Egypt Standard Time): GET /
Thu May 31 2018 18:33:23 GMT+0200 (Egypt Standard Time): GET /axois.js
Thu May 31 2018 18:33:23 GMT+0200 (Egypt Standard Time): GET /memoryGame.js
Thu May 31 2018 18:33:24 GMT+0200 (Egypt Standard Time): GET /
Thu May 31 2018 18:33:24 GMT+0200 (Egypt Standard Time): GET /axois.js
Thu May 31 2018 18:33:24 GMT+0200 (Egypt Standard Time): GET /memoryGame.js
Thu May 31 2018 18:33:24 GMT+0200 (Egypt Standard Time): GET /
Thu May 31 2018 18:33:24 GMT+0200 (Egypt Standard Time): GET /axois.js
Thu May 31 2018 18:33:24 GMT+0200 (Egypt Standard Time): GET /memoryGame.js
Thu May 31 2018 18:33:24 GMT+0200 (Egypt Standard Time): GET /
Thu May 31 2018 18:33:24 GMT+0200 (Egypt Standard Time): GET /axois.js
Thu May 31 2018 18:33:24 GMT+0200 (Egypt Standard Time): GET /memoryGame.js
Thu May 31 2018 18:33:25 GMT+0200 (Egypt Standard Time): GET /
Thu May 31 2018 18:33:25 GMT+0200 (Egypt Standard Time): GET /axois.js
Thu May 31 2018 18:33:25 GMT+0200 (Egypt Standard Time): GET /memoryGame.js
Thu May 31 2018 18:33:35 GMT+0200 (Egypt Standard Time): GET /
Thu May 31 2018 18:33:36 GMT+0200 (Egypt Standard Time): GET /
Thu May 31 2018 18:33:37 GMT+0200 (Egypt Standard Time): GET /about
Thu May 31 2018 18:33:38 GMT+0200 (Egypt Standard Time): GET /about
Thu Jun 14 2018 19:09:19 GMT+0200 (Egypt Standard Time): GET /
Thu Jun 14 2018 19:09:51 GMT+0200 (Egypt Standard Time): GET /about
Thu Jun 14 2018 19:09:54 GMT+0200 (Egypt Standard Time): GET /
Thu Jun 14 2018 19:10:15 GMT+0200 (Egypt Standard Time): GET /maintenance
Thu Jun 14 2018 19:10:31 GMT+0200 (Egypt Standard Time): GET /
Thu Jun 14 2018 19:10:33 GMT+0200 (Egypt Standard Time): GET /bad
Thu Jun 14 2018 19:11:10 GMT+0200 (Egypt Standard Time): GET /bad
Thu Jun 14 2018 19:11:11 GMT+0200 (Egypt Standard Time): GET /bad
Thu Jun 14 2018 19:11:25 GMT+0200 (Egypt Standard Time): GET /maintenance
Thu Jun 14 2018 19:11:35 GMT+0200 (Egypt Standard Time): GET /maintenance
Tue Jun 19 2018 18:21:19 GMT+0200 (Egypt Standard Time): GET /
Tue Jun 19 2018 18:21:20 GMT+0200 (Egypt Standard Time): GET /favicon.ico
Tue Jun 19 2018 18:21:22 GMT+0200 (Egypt Standard Time): GET /
Tue Jun 19 2018 18:21:24 GMT+0200 (Egypt Standard Time): GET /about
Tue Jun 19 2018 18:21:25 GMT+0200 (Egypt Standard Time): GET /
Tue Jun 19 2018 18:21:26 GMT+0200 (Egypt Standard Time): GET /about
Tue Jun 19 2018 18:21:35 GMT+0200 (Egypt Standard Time): GET /about
Tue Jun 19 2018 18:21:36 GMT+0200 (Egypt Standard Time): GET /
Tue Jun 19 2018 18:21:38 GMT+0200 (Egypt Standard Time): GET /
Tue Jun 19 2018 18:21:39 GMT+0200 (Egypt Standard Time): GET /about
Tue Jun 19 2018 18:21:40 GMT+0200 (Egypt Standard Time): GET /
Tue Jun 19 2018 18:21:44 GMT+0200 (Egypt Standard Time): GET /about
Tue Jun 19 2018 18:21:45 GMT+0200 (Egypt Standard Time): GET /
Wed Jun 20 2018 16:49:04 GMT+0200 (Egypt Standard Time): GET /
Wed Jun 20 2018 16:49:05 GMT+0200 (Egypt Standard Time): GET /favicon.ico
Wed Jun 20 2018 16:49:07 GMT+0200 (Egypt Standard Time): GET /project
Wed Jun 20 2018 16:49:14 GMT+0200 (Egypt Standard Time): GET /project
Wed Jun 20 2018 16:49:15 GMT+0200 (Egypt Standard Time): GET /about
Wed Jun 20 2018 16:49:15 GMT+0200 (Egypt Standard Time): GET /
Wed Jun 20 2018 16:49:16 GMT+0200 (Egypt Standard Time): GET /project
Wed Jun 20 2018 16:50:03 GMT+0200 (Egypt Standard Time): GET /about
Wed Jun 20 2018 16:50:04 GMT+0200 (Egypt Standard Time): GET /
Wed Jun 20 2018 16:50:05 GMT+0200 (Egypt Standard Time): GET /project
Wed Jun 20 2018 16:50:08 GMT+0200 (Egypt Standard Time): GET /about
Wed Jun 20 2018 16:50:08 GMT+0200 (Egypt Standard Time): GET /
Wed Jun 20 2018 16:50:09 GMT+0200 (Egypt Standard Time): GET /
Wed Jun 20 2018 16:50:10 GMT+0200 (Egypt Standard Time): GET /project
Wed Jun 20 2018 16:50:10 GMT+0200 (Egypt Standard Time): GET /about
Wed Jun 20 2018 16:50:11 GMT+0200 (Egypt Standard Time): GET /
Wed Jun 20 2018 17:18:54 GMT+0200 (Egypt Standard Time): GET /
Wed Jun 20 2018 17:18:56 GMT+0200 (Egypt Standard Time): GET /project
